# JRE version: OpenJDK Runtime Environment (8.0_152-b02) (build 1.8.0_152-release-1024-b02)
# Java VM: OpenJDK 64-Bit Server VM (25.152-b02 mixed mode windows-amd64 compressed oops)
Heap:
 PSYoungGen      total 253952K, used 97763K [0x00000000e0000000, 0x00000000f1a00000, 0x0000000100000000)
  eden space 230400K, 38% used [0x00000000e0000000,0x00000000e5763148,0x00000000ee100000)
  from space 23552K, 35% used [0x00000000f0300000,0x00000000f0b15b50,0x00000000f1a00000)
  to   space 29184K, 0% used [0x00000000ee100000,0x00000000ee100000,0x00000000efd80000)
 ParOldGen       total 310784K, used 57999K [0x00000000a0000000, 0x00000000b2f80000, 0x00000000e0000000)
  object space 310784K, 18% used [0x00000000a0000000,0x00000000a38a3f30,0x00000000b2f80000)
 Metaspace       used 63667K, capacity 65572K, committed 65624K, reserved 1105920K
  class space    used 8345K, capacity 8799K, committed 8832K, reserved 1048576K
GC Heap History (10 events):
Event: 33.372 GC heap before
{Heap before GC invocations=11 (full 2):
 PSYoungGen      total 174592K, used 74913K [0x00000000e0000000, 0x00000000ec600000, 0x0000000100000000)
  eden space 161280K, 38% used [0x00000000e0000000,0x00000000e3c292e8,0x00000000e9d80000)
  from space 13312K, 99% used [0x00000000eaf00000,0x00000000ebbff510,0x00000000ebc00000)
  to   space 17920K, 0% used [0x00000000e9d80000,0x00000000e9d80000,0x00000000eaf00000)
 ParOldGen       total 208896K, used 27927K [0x00000000a0000000, 0x00000000acc00000, 0x00000000e0000000)
  object space 208896K, 13% used [0x00000000a0000000,0x00000000a1b45dc8,0x00000000acc00000)
 Metaspace       used 57294K, capacity 58968K, committed 59028K, reserved 1099776K
  class space    used 7740K, capacity 8173K, committed 8192K, reserved 1048576K
Event: 33.398 GC heap after
Heap after GC invocations=11 (full 2):
 PSYoungGen      total 179200K, used 17915K [0x00000000e0000000, 0x00000000ee000000, 0x0000000100000000)
  eden space 161280K, 0% used [0x00000000e0000000,0x00000000e0000000,0x00000000e9d80000)
  from space 17920K, 99% used [0x00000000e9d80000,0x00000000eaefefe8,0x00000000eaf00000)
  to   space 20480K, 0% used [0x00000000ecc00000,0x00000000ecc00000,0x00000000ee000000)
 ParOldGen       total 208896K, used 28518K [0x00000000a0000000, 0x00000000acc00000, 0x00000000e0000000)
  object space 208896K, 13% used [0x00000000a0000000,0x00000000a1bd9970,0x00000000acc00000)
 Metaspace       used 57294K, capacity 58968K, committed 59028K, reserved 1099776K
  class space    used 7740K, capacity 8173K, committed 8192K, reserved 1048576K
}
Event: 33.398 GC heap before
{Heap before GC invocations=12 (full 3):
 PSYoungGen      total 179200K, used 17915K [0x00000000e0000000, 0x00000000ee000000, 0x0000000100000000)
  eden space 161280K, 0% used [0x00000000e0000000,0x00000000e0000000,0x00000000e9d80000)
  from space 17920K, 99% used [0x00000000e9d80000,0x00000000eaefefe8,0x00000000eaf00000)
  to   space 20480K, 0% used [0x00000000ecc00000,0x00000000ecc00000,0x00000000ee000000)
 ParOldGen       total 208896K, used 28518K [0x00000000a0000000, 0x00000000acc00000, 0x00000000e0000000)
  object space 208896K, 13% used [0x00000000a0000000,0x00000000a1bd9970,0x00000000acc00000)
 Metaspace       used 57294K, capacity 58968K, committed 59028K, reserved 1099776K
  class space    used 7740K, capacity 8173K, committed 8192K, reserved 1048576K
Event: 33.644 GC heap after
Heap after GC invocations=12 (full 3):
 PSYoungGen      total 179200K, used 0K [0x00000000e0000000, 0x00000000ee000000, 0x0000000100000000)
  eden space 161280K, 0% used [0x00000000e0000000,0x00000000e0000000,0x00000000e9d80000)
  from space 17920K, 0% used [0x00000000e9d80000,0x00000000e9d80000,0x00000000eaf00000)
  to   space 20480K, 0% used [0x00000000ecc00000,0x00000000ecc00000,0x00000000ee000000)
 ParOldGen       total 310784K, used 33955K [0x00000000a0000000, 0x00000000b2f80000, 0x00000000e0000000)
  object space 310784K, 10% used [0x00000000a0000000,0x00000000a2128ce8,0x00000000b2f80000)
 Metaspace       used 57294K, capacity 58968K, committed 59028K, reserved 1099776K
  class space    used 7740K, capacity 8173K, committed 8192K, reserved 1048576K
}
Event: 50.732 GC heap before
{Heap before GC invocations=13 (full 3):
 PSYoungGen      total 179200K, used 161280K [0x00000000e0000000, 0x00000000ee000000, 0x0000000100000000)
  eden space 161280K, 100% used [0x00000000e0000000,0x00000000e9d80000,0x00000000e9d80000)
  from space 17920K, 0% used [0x00000000e9d80000,0x00000000e9d80000,0x00000000eaf00000)
  to   space 20480K, 0% used [0x00000000ecc00000,0x00000000ecc00000,0x00000000ee000000)
 ParOldGen       total 310784K, used 33955K [0x00000000a0000000, 0x00000000b2f80000, 0x00000000e0000000)
  object space 310784K, 10% used [0x00000000a0000000,0x00000000a2128ce8,0x00000000b2f80000)
 Metaspace       used 59327K, capacity 60996K, committed 61144K, reserved 1101824K
  class space    used 7935K, capacity 8349K, committed 8448K, reserved 1048576K
Event: 50.779 GC heap after
Heap after GC invocations=13 (full 3):
 PSYoungGen      total 204800K, used 20478K [0x00000000e0000000, 0x00000000ee700000, 0x0000000100000000)
  eden space 184320K, 0% used [0x00000000e0000000,0x00000000e0000000,0x00000000eb400000)
  from space 20480K, 99% used [0x00000000ecc00000,0x00000000edfff880,0x00000000ee000000)
  to   space 24576K, 0% used [0x00000000eb400000,0x00000000eb400000,0x00000000ecc00000)
 ParOldGen       total 310784K, used 38544K [0x00000000a0000000, 0x00000000b2f80000, 0x00000000e0000000)
  object space 310784K, 12% used [0x00000000a0000000,0x00000000a25a43b8,0x00000000b2f80000)
 Metaspace       used 59327K, capacity 60996K, committed 61144K, reserved 1101824K
  class space    used 7935K, capacity 8349K, committed 8448K, reserved 1048576K
}
Event: 51.638 GC heap before
{Heap before GC invocations=14 (full 3):
 PSYoungGen      total 204800K, used 204798K [0x00000000e0000000, 0x00000000ee700000, 0x0000000100000000)
  eden space 184320K, 100% used [0x00000000e0000000,0x00000000eb400000,0x00000000eb400000)
  from space 20480K, 99% used [0x00000000ecc00000,0x00000000edfff880,0x00000000ee000000)
  to   space 24576K, 0% used [0x00000000eb400000,0x00000000eb400000,0x00000000ecc00000)
 ParOldGen       total 310784K, used 38544K [0x00000000a0000000, 0x00000000b2f80000, 0x00000000e0000000)
  object space 310784K, 12% used [0x00000000a0000000,0x00000000a25a43b8,0x00000000b2f80000)
 Metaspace       used 61620K, capacity 63404K, committed 63704K, reserved 1103872K
  class space    used 8180K, capacity 8597K, committed 8704K, reserved 1048576K
Event: 51.672 GC heap after
Heap after GC invocations=14 (full 3):
 PSYoungGen      total 208896K, used 24568K [0x00000000e0000000, 0x00000000f1f80000, 0x0000000100000000)
  eden space 184320K, 0% used [0x00000000e0000000,0x00000000e0000000,0x00000000eb400000)
  from space 24576K, 99% used [0x00000000eb400000,0x00000000ecbfe388,0x00000000ecc00000)
  to   space 29184K, 0% used [0x00000000f0300000,0x00000000f0300000,0x00000000f1f80000)
 ParOldGen       total 310784K, used 43313K [0x00000000a0000000, 0x00000000b2f80000, 0x00000000e0000000)
  object space 310784K, 13% used [0x00000000a0000000,0x00000000a2a4c5a8,0x00000000b2f80000)
 Metaspace       used 61620K, capacity 63404K, committed 63704K, reserved 1103872K
  class space    used 8180K, capacity 8597K, committed 8704K, reserved 1048576K
}
Event: 61.641 GC heap before
{Heap before GC invocations=15 (full 3):
 PSYoungGen      total 208896K, used 208888K [0x00000000e0000000, 0x00000000f1f80000, 0x0000000100000000)
  eden space 184320K, 100% used [0x00000000e0000000,0x00000000eb400000,0x00000000eb400000)
  from space 24576K, 99% used [0x00000000eb400000,0x00000000ecbfe388,0x00000000ecc00000)
  to   space 29184K, 0% used [0x00000000f0300000,0x00000000f0300000,0x00000000f1f80000)
 ParOldGen       total 310784K, used 43313K [0x00000000a0000000, 0x00000000b2f80000, 0x00000000e0000000)
  object space 310784K, 13% used [0x00000000a0000000,0x00000000a2a4c5a8,0x00000000b2f80000)
 Metaspace       used 63094K, capacity 65028K, committed 65368K, reserved 1105920K
  class space    used 8276K, capacity 8729K, committed 8832K, reserved 1048576K
Event: 61.671 GC heap after
Heap after GC invocations=15 (full 3):
 PSYoungGen      total 253952K, used 8278K [0x00000000e0000000, 0x00000000f1a00000, 0x0000000100000000)
  eden space 230400K, 0% used [0x00000000e0000000,0x00000000e0000000,0x00000000ee100000)
  from space 23552K, 35% used [0x00000000f0300000,0x00000000f0b15b50,0x00000000f1a00000)
  to   space 29184K, 0% used [0x00000000ee100000,0x00000000ee100000,0x00000000efd80000)
 ParOldGen       total 310784K, used 57999K [0x00000000a0000000, 0x00000000b2f80000, 0x00000000e0000000)
  object space 310784K, 18% used [0x00000000a0000000,0x00000000a38a3f30,0x00000000b2f80000)
 Metaspace       used 63094K, capacity 65028K, committed 65368K, reserved 1105920K
  class space    used 8276K, capacity 8729K, committed 8832K, reserved 1048576K
}

